mode: set
github.com/akshay/bookings/cmd/web/main.go:23.13,25.16 2 0
github.com/akshay/bookings/cmd/web/main.go:25.16,27.3 1 0
github.com/akshay/bookings/cmd/web/main.go:28.2,36.12 3 0
github.com/akshay/bookings/cmd/web/main.go:36.12,37.46 1 0
github.com/akshay/bookings/cmd/web/main.go:37.46,39.4 1 0
github.com/akshay/bookings/cmd/web/main.go:43.2,43.9 1 0
github.com/akshay/bookings/cmd/web/main.go:46.18,62.16 10 1
github.com/akshay/bookings/cmd/web/main.go:62.16,65.3 2 0
github.com/akshay/bookings/cmd/web/main.go:67.2,75.12 6 1
github.com/akshay/bookings/cmd/web/middleware.go:9.45,19.2 3 1
github.com/akshay/bookings/cmd/web/middleware.go:22.50,24.2 1 1
github.com/akshay/bookings/cmd/web/routes.go:12.49,40.2 18 1
